{"/home/ec2-user/environment/TodoListClass/todo.js": {"path":"/home/ec2-user/environment/TodoListClass/todo.js","statementMap":{"0":{"start":{"line":5,"column":23},"end":{"line":5,"column":26}},"1":{"start":{"line":6,"column":25},"end":{"line":6,"column":28}},"2":{"start":{"line":9,"column":4},"end":{"line":9,"column":23}},"3":{"start":{"line":10,"column":4},"end":{"line":10,"column":22}},"4":{"start":{"line":14,"column":17},"end":{"line":14,"column":70}},"5":{"start":{"line":15,"column":4},"end":{"line":15,"column":39}},"6":{"start":{"line":19,"column":4},"end":{"line":19,"column":21}},"7":{"start":{"line":23,"column":4},"end":{"line":23,"column":22}},"8":{"start":{"line":27,"column":4},"end":{"line":27,"column":21}},"9":{"start":{"line":31,"column":4},"end":{"line":31,"column":22}},"10":{"start":{"line":35,"column":0},"end":{"line":35,"column":22}}},"fnMap":{"0":{"name":"(anonymous_0)","decl":{"start":{"line":8,"column":2},"end":{"line":8,"column":3}},"loc":{"start":{"line":8,"column":21},"end":{"line":11,"column":3}},"line":8},"1":{"name":"(anonymous_1)","decl":{"start":{"line":13,"column":2},"end":{"line":13,"column":3}},"loc":{"start":{"line":13,"column":13},"end":{"line":16,"column":3}},"line":13},"2":{"name":"(anonymous_2)","decl":{"start":{"line":18,"column":2},"end":{"line":18,"column":3}},"loc":{"start":{"line":18,"column":13},"end":{"line":20,"column":3}},"line":18},"3":{"name":"(anonymous_3)","decl":{"start":{"line":22,"column":2},"end":{"line":22,"column":3}},"loc":{"start":{"line":22,"column":15},"end":{"line":24,"column":3}},"line":22},"4":{"name":"(anonymous_4)","decl":{"start":{"line":26,"column":2},"end":{"line":26,"column":3}},"loc":{"start":{"line":26,"column":11},"end":{"line":28,"column":3}},"line":26},"5":{"name":"(anonymous_5)","decl":{"start":{"line":30,"column":2},"end":{"line":30,"column":3}},"loc":{"start":{"line":30,"column":13},"end":{"line":32,"column":3}},"line":30}},"branchMap":{"0":{"loc":{"start":{"line":14,"column":17},"end":{"line":14,"column":70}},"type":"cond-expr","locations":[{"start":{"line":14,"column":33},"end":{"line":14,"column":49}},{"start":{"line":14,"column":52},"end":{"line":14,"column":70}}],"line":14}},"s":{"0":1,"1":1,"2":54,"3":54,"4":11,"5":11,"6":15,"7":1,"8":31,"9":0,"10":1},"f":{"0":54,"1":11,"2":15,"3":1,"4":31,"5":0},"b":{"0":[6,5]},"_coverageSchema":"1a1c01bbd47fc00a2c39e90264f33305004495a9","hash":"a84b3f633cbd7fa481c9f1f3b13aadfb515c4dcc"}
,"/home/ec2-user/environment/TodoListClass/todoList.js": {"path":"/home/ec2-user/environment/TodoListClass/todoList.js","statementMap":{"0":{"start":{"line":4,"column":13},"end":{"line":4,"column":33}},"1":{"start":{"line":12,"column":4},"end":{"line":12,"column":23}},"2":{"start":{"line":13,"column":4},"end":{"line":13,"column":20}},"3":{"start":{"line":18,"column":4},"end":{"line":20,"column":5}},"4":{"start":{"line":18,"column":30},"end":{"line":18,"column":50}},"5":{"start":{"line":19,"column":6},"end":{"line":19,"column":55}},"6":{"start":{"line":22,"column":4},"end":{"line":22,"column":30}},"7":{"start":{"line":26,"column":4},"end":{"line":26,"column":29}},"8":{"start":{"line":30,"column":4},"end":{"line":30,"column":25}},"9":{"start":{"line":34,"column":4},"end":{"line":34,"column":39}},"10":{"start":{"line":38,"column":4},"end":{"line":38,"column":31}},"11":{"start":{"line":39,"column":4},"end":{"line":39,"column":29}},"12":{"start":{"line":43,"column":4},"end":{"line":45,"column":5}},"13":{"start":{"line":44,"column":6},"end":{"line":44,"column":58}},"14":{"start":{"line":49,"column":4},"end":{"line":49,"column":34}},"15":{"start":{"line":53,"column":4},"end":{"line":53,"column":36}},"16":{"start":{"line":57,"column":4},"end":{"line":57,"column":51}},"17":{"start":{"line":57,"column":36},"end":{"line":57,"column":49}},"18":{"start":{"line":61,"column":4},"end":{"line":61,"column":30}},"19":{"start":{"line":65,"column":4},"end":{"line":65,"column":28}},"20":{"start":{"line":69,"column":4},"end":{"line":69,"column":31}},"21":{"start":{"line":71,"column":4},"end":{"line":71,"column":45}},"22":{"start":{"line":75,"column":17},"end":{"line":75,"column":42}},"23":{"start":{"line":77,"column":4},"end":{"line":77,"column":54}},"24":{"start":{"line":77,"column":31},"end":{"line":77,"column":52}},"25":{"start":{"line":79,"column":4},"end":{"line":79,"column":18}},"26":{"start":{"line":83,"column":4},"end":{"line":83,"column":33}},"27":{"start":{"line":87,"column":17},"end":{"line":87,"column":41}},"28":{"start":{"line":89,"column":4},"end":{"line":91,"column":7}},"29":{"start":{"line":90,"column":6},"end":{"line":90,"column":43}},"30":{"start":{"line":90,"column":26},"end":{"line":90,"column":43}},"31":{"start":{"line":93,"column":4},"end":{"line":93,"column":18}},"32":{"start":{"line":97,"column":4},"end":{"line":98,"column":24}},"33":{"start":{"line":97,"column":31},"end":{"line":97,"column":56}},"34":{"start":{"line":102,"column":4},"end":{"line":102,"column":46}},"35":{"start":{"line":102,"column":31},"end":{"line":102,"column":44}},"36":{"start":{"line":106,"column":4},"end":{"line":106,"column":47}},"37":{"start":{"line":106,"column":31},"end":{"line":106,"column":45}},"38":{"start":{"line":110,"column":15},"end":{"line":110,"column":38}},"39":{"start":{"line":112,"column":4},"end":{"line":112,"column":30}},"40":{"start":{"line":112,"column":14},"end":{"line":112,"column":30}},"41":{"start":{"line":116,"column":4},"end":{"line":116,"column":42}},"42":{"start":{"line":116,"column":25},"end":{"line":116,"column":40}},"43":{"start":{"line":120,"column":4},"end":{"line":120,"column":44}},"44":{"start":{"line":120,"column":25},"end":{"line":120,"column":42}},"45":{"start":{"line":132,"column":4},"end":{"line":132,"column":30}},"46":{"start":{"line":172,"column":0},"end":{"line":172,"column":26}}},"fnMap":{"0":{"name":"(anonymous_0)","decl":{"start":{"line":11,"column":2},"end":{"line":11,"column":3}},"loc":{"start":{"line":11,"column":21},"end":{"line":14,"column":3}},"line":11},"1":{"name":"(anonymous_1)","decl":{"start":{"line":17,"column":2},"end":{"line":17,"column":3}},"loc":{"start":{"line":17,"column":16},"end":{"line":23,"column":3}},"line":17},"2":{"name":"(anonymous_2)","decl":{"start":{"line":18,"column":22},"end":{"line":18,"column":23}},"loc":{"start":{"line":18,"column":30},"end":{"line":18,"column":50}},"line":18},"3":{"name":"(anonymous_3)","decl":{"start":{"line":25,"column":2},"end":{"line":25,"column":3}},"loc":{"start":{"line":25,"column":9},"end":{"line":27,"column":3}},"line":25},"4":{"name":"(anonymous_4)","decl":{"start":{"line":29,"column":2},"end":{"line":29,"column":3}},"loc":{"start":{"line":29,"column":10},"end":{"line":31,"column":3}},"line":29},"5":{"name":"(anonymous_5)","decl":{"start":{"line":33,"column":2},"end":{"line":33,"column":3}},"loc":{"start":{"line":33,"column":9},"end":{"line":35,"column":3}},"line":33},"6":{"name":"(anonymous_6)","decl":{"start":{"line":37,"column":2},"end":{"line":37,"column":3}},"loc":{"start":{"line":37,"column":16},"end":{"line":40,"column":3}},"line":37},"7":{"name":"(anonymous_7)","decl":{"start":{"line":42,"column":2},"end":{"line":42,"column":3}},"loc":{"start":{"line":42,"column":24},"end":{"line":46,"column":3}},"line":42},"8":{"name":"(anonymous_8)","decl":{"start":{"line":48,"column":2},"end":{"line":48,"column":3}},"loc":{"start":{"line":48,"column":20},"end":{"line":50,"column":3}},"line":48},"9":{"name":"(anonymous_9)","decl":{"start":{"line":52,"column":2},"end":{"line":52,"column":3}},"loc":{"start":{"line":52,"column":22},"end":{"line":54,"column":3}},"line":52},"10":{"name":"(anonymous_10)","decl":{"start":{"line":56,"column":2},"end":{"line":56,"column":3}},"loc":{"start":{"line":56,"column":11},"end":{"line":58,"column":3}},"line":56},"11":{"name":"(anonymous_11)","decl":{"start":{"line":57,"column":28},"end":{"line":57,"column":29}},"loc":{"start":{"line":57,"column":36},"end":{"line":57,"column":49}},"line":57},"12":{"name":"(anonymous_12)","decl":{"start":{"line":60,"column":2},"end":{"line":60,"column":3}},"loc":{"start":{"line":60,"column":10},"end":{"line":62,"column":3}},"line":60},"13":{"name":"(anonymous_13)","decl":{"start":{"line":64,"column":2},"end":{"line":64,"column":3}},"loc":{"start":{"line":64,"column":8},"end":{"line":66,"column":3}},"line":64},"14":{"name":"(anonymous_14)","decl":{"start":{"line":68,"column":2},"end":{"line":68,"column":3}},"loc":{"start":{"line":68,"column":18},"end":{"line":72,"column":3}},"line":68},"15":{"name":"(anonymous_15)","decl":{"start":{"line":74,"column":2},"end":{"line":74,"column":3}},"loc":{"start":{"line":74,"column":13},"end":{"line":80,"column":3}},"line":74},"16":{"name":"(anonymous_16)","decl":{"start":{"line":77,"column":23},"end":{"line":77,"column":24}},"loc":{"start":{"line":77,"column":31},"end":{"line":77,"column":52}},"line":77},"17":{"name":"(anonymous_17)","decl":{"start":{"line":82,"column":2},"end":{"line":82,"column":3}},"loc":{"start":{"line":82,"column":20},"end":{"line":84,"column":3}},"line":82},"18":{"name":"(anonymous_18)","decl":{"start":{"line":86,"column":2},"end":{"line":86,"column":3}},"loc":{"start":{"line":86,"column":19},"end":{"line":94,"column":3}},"line":86},"19":{"name":"(anonymous_19)","decl":{"start":{"line":89,"column":17},"end":{"line":89,"column":18}},"loc":{"start":{"line":89,"column":25},"end":{"line":91,"column":5}},"line":89},"20":{"name":"(anonymous_20)","decl":{"start":{"line":96,"column":2},"end":{"line":96,"column":3}},"loc":{"start":{"line":96,"column":21},"end":{"line":99,"column":3}},"line":96},"21":{"name":"(anonymous_21)","decl":{"start":{"line":97,"column":23},"end":{"line":97,"column":24}},"loc":{"start":{"line":97,"column":31},"end":{"line":97,"column":56}},"line":97},"22":{"name":"(anonymous_22)","decl":{"start":{"line":101,"column":2},"end":{"line":101,"column":3}},"loc":{"start":{"line":101,"column":12},"end":{"line":103,"column":3}},"line":101},"23":{"name":"(anonymous_23)","decl":{"start":{"line":102,"column":23},"end":{"line":102,"column":24}},"loc":{"start":{"line":102,"column":31},"end":{"line":102,"column":44}},"line":102},"24":{"name":"(anonymous_24)","decl":{"start":{"line":105,"column":2},"end":{"line":105,"column":3}},"loc":{"start":{"line":105,"column":15},"end":{"line":107,"column":3}},"line":105},"25":{"name":"(anonymous_25)","decl":{"start":{"line":106,"column":23},"end":{"line":106,"column":24}},"loc":{"start":{"line":106,"column":31},"end":{"line":106,"column":45}},"line":106},"26":{"name":"(anonymous_26)","decl":{"start":{"line":109,"column":2},"end":{"line":109,"column":3}},"loc":{"start":{"line":109,"column":18},"end":{"line":113,"column":3}},"line":109},"27":{"name":"(anonymous_27)","decl":{"start":{"line":115,"column":2},"end":{"line":115,"column":3}},"loc":{"start":{"line":115,"column":16},"end":{"line":117,"column":3}},"line":115},"28":{"name":"(anonymous_28)","decl":{"start":{"line":116,"column":17},"end":{"line":116,"column":18}},"loc":{"start":{"line":116,"column":25},"end":{"line":116,"column":40}},"line":116},"29":{"name":"(anonymous_29)","decl":{"start":{"line":119,"column":2},"end":{"line":119,"column":3}},"loc":{"start":{"line":119,"column":18},"end":{"line":121,"column":3}},"line":119},"30":{"name":"(anonymous_30)","decl":{"start":{"line":120,"column":17},"end":{"line":120,"column":18}},"loc":{"start":{"line":120,"column":25},"end":{"line":120,"column":42}},"line":120},"31":{"name":"(anonymous_31)","decl":{"start":{"line":123,"column":2},"end":{"line":123,"column":3}},"loc":{"start":{"line":123,"column":12},"end":{"line":133,"column":3}},"line":123}},"branchMap":{"0":{"loc":{"start":{"line":18,"column":4},"end":{"line":20,"column":5}},"type":"if","locations":[{"start":{"line":18,"column":4},"end":{"line":20,"column":5}},{"start":{},"end":{}}],"line":18},"1":{"loc":{"start":{"line":43,"column":4},"end":{"line":45,"column":5}},"type":"if","locations":[{"start":{"line":43,"column":4},"end":{"line":45,"column":5}},{"start":{},"end":{}}],"line":43},"2":{"loc":{"start":{"line":90,"column":6},"end":{"line":90,"column":43}},"type":"if","locations":[{"start":{"line":90,"column":6},"end":{"line":90,"column":43}},{"start":{},"end":{}}],"line":90},"3":{"loc":{"start":{"line":112,"column":4},"end":{"line":112,"column":30}},"type":"if","locations":[{"start":{"line":112,"column":4},"end":{"line":112,"column":30}},{"start":{},"end":{}}],"line":112}},"s":{"0":1,"1":21,"2":21,"3":59,"4":59,"5":1,"6":58,"7":2,"8":1,"9":1,"10":13,"11":10,"12":15,"13":4,"14":4,"15":2,"16":3,"17":7,"18":1,"19":1,"20":2,"21":1,"22":5,"23":5,"24":11,"25":5,"26":7,"27":2,"28":2,"29":6,"30":3,"31":2,"32":0,"33":0,"34":0,"35":0,"36":0,"37":0,"38":0,"39":0,"40":0,"41":4,"42":12,"43":0,"44":0,"45":5,"46":1},"f":{"0":21,"1":59,"2":59,"3":2,"4":1,"5":1,"6":13,"7":15,"8":4,"9":2,"10":3,"11":7,"12":1,"13":1,"14":2,"15":5,"16":11,"17":7,"18":2,"19":6,"20":0,"21":0,"22":0,"23":0,"24":0,"25":0,"26":0,"27":4,"28":12,"29":0,"30":0,"31":5},"b":{"0":[1,58],"1":[4,11],"2":[3,3],"3":[0,0]},"_coverageSchema":"1a1c01bbd47fc00a2c39e90264f33305004495a9","hash":"647517d3ecb4f5c385258dd833ab5b2c55287fa9"}
}
