TN:
SF:todo.js
FN:8,(anonymous_0)
FN:13,(anonymous_1)
FN:18,(anonymous_2)
FN:22,(anonymous_3)
FN:26,(anonymous_4)
FN:30,(anonymous_5)
FNF:6
FNH:5
FNDA:54,(anonymous_0)
FNDA:11,(anonymous_1)
FNDA:15,(anonymous_2)
FNDA:1,(anonymous_3)
FNDA:31,(anonymous_4)
FNDA:0,(anonymous_5)
DA:5,1
DA:6,1
DA:9,54
DA:10,54
DA:14,11
DA:15,11
DA:19,15
DA:23,1
DA:27,31
DA:31,0
DA:35,1
LF:11
LH:10
BRDA:14,0,0,6
BRDA:14,0,1,5
BRF:2
BRH:2
end_of_record
TN:
SF:todoList.js
FN:11,(anonymous_0)
FN:17,(anonymous_1)
FN:18,(anonymous_2)
FN:25,(anonymous_3)
FN:29,(anonymous_4)
FN:33,(anonymous_5)
FN:37,(anonymous_6)
FN:42,(anonymous_7)
FN:48,(anonymous_8)
FN:52,(anonymous_9)
FN:56,(anonymous_10)
FN:57,(anonymous_11)
FN:60,(anonymous_12)
FN:64,(anonymous_13)
FN:68,(anonymous_14)
FN:74,(anonymous_15)
FN:77,(anonymous_16)
FN:82,(anonymous_17)
FN:86,(anonymous_18)
FN:89,(anonymous_19)
FN:96,(anonymous_20)
FN:97,(anonymous_21)
FN:101,(anonymous_22)
FN:102,(anonymous_23)
FN:105,(anonymous_24)
FN:106,(anonymous_25)
FN:109,(anonymous_26)
FN:115,(anonymous_27)
FN:116,(anonymous_28)
FN:119,(anonymous_29)
FN:120,(anonymous_30)
FN:123,(anonymous_31)
FNF:32
FNH:23
FNDA:21,(anonymous_0)
FNDA:59,(anonymous_1)
FNDA:59,(anonymous_2)
FNDA:2,(anonymous_3)
FNDA:1,(anonymous_4)
FNDA:1,(anonymous_5)
FNDA:13,(anonymous_6)
FNDA:15,(anonymous_7)
FNDA:4,(anonymous_8)
FNDA:2,(anonymous_9)
FNDA:3,(anonymous_10)
FNDA:7,(anonymous_11)
FNDA:1,(anonymous_12)
FNDA:1,(anonymous_13)
FNDA:2,(anonymous_14)
FNDA:5,(anonymous_15)
FNDA:11,(anonymous_16)
FNDA:7,(anonymous_17)
FNDA:2,(anonymous_18)
FNDA:6,(anonymous_19)
FNDA:0,(anonymous_20)
FNDA:0,(anonymous_21)
FNDA:0,(anonymous_22)
FNDA:0,(anonymous_23)
FNDA:0,(anonymous_24)
FNDA:0,(anonymous_25)
FNDA:0,(anonymous_26)
FNDA:4,(anonymous_27)
FNDA:12,(anonymous_28)
FNDA:0,(anonymous_29)
FNDA:0,(anonymous_30)
FNDA:5,(anonymous_31)
DA:4,1
DA:12,21
DA:13,21
DA:18,59
DA:19,1
DA:22,58
DA:26,2
DA:30,1
DA:34,1
DA:38,13
DA:39,10
DA:43,15
DA:44,4
DA:49,4
DA:53,2
DA:57,7
DA:61,1
DA:65,1
DA:69,2
DA:71,1
DA:75,5
DA:77,11
DA:79,5
DA:83,7
DA:87,2
DA:89,2
DA:90,6
DA:93,2
DA:97,0
DA:102,0
DA:106,0
DA:110,0
DA:112,0
DA:116,12
DA:120,0
DA:132,5
DA:172,1
LF:37
LH:31
BRDA:18,0,0,1
BRDA:18,0,1,58
BRDA:43,1,0,4
BRDA:43,1,1,11
BRDA:90,2,0,3
BRDA:90,2,1,3
BRDA:112,3,0,0
BRDA:112,3,1,0
BRF:8
BRH:6
end_of_record
